Info: Starting: Create block symbol file (.bsf)
Info: ip-generate --project-directory=C:/Users/Ali/Desktop/UBC/EECE_381/Exercises/Excercise_1/1.2/ --output-directory=C:/Users/Ali/Desktop/UBC/EECE_381/Exercises/Excercise_1/1.2/nios_system/ --report-file=bsf:C:/Users/Ali/Desktop/UBC/EECE_381/Exercises/Excercise_1/1.2/nios_system.bsf --system-info=DEVICE_FAMILY="Cyclone II" --system-info=DEVICE=EP2C35F672C6 --system-info=DEVICE_SPEEDGRADE=6 --component-file=C:/Users/Ali/Desktop/UBC/EECE_381/Exercises/Excercise_1/1.2/nios_system.qsys
Progress: Loading 1.2/nios_system.qsys
Progress: Reading input file
Progress: Adding clk_0 [clock_source 12.0]
Progress: Parameterizing module clk_0
Progress: Adding nios2_qsys_0 [altera_nios2_qsys 12.0]
Progress: Parameterizing module nios2_qsys_0
Progress: Adding onchip_memory2_0 [altera_avalon_onchip_memory2 12.0]
Progress: Parameterizing module onchip_memory2_0
Progress: Adding switches [altera_avalon_pio 12.0]
Progress: Parameterizing module switches
Progress: Adding leds [altera_avalon_pio 12.0]
Progress: Parameterizing module leds
Progress: Adding jtag_uart_0 [altera_avalon_jtag_uart 12.0]
Progress: Parameterizing module jtag_uart_0
Progress: Adding sdram [altera_avalon_new_sdram_controller 12.0]
Progress: Parameterizing module sdram
Progress: Adding clocks [altera_up_clocks 12.0]
Progress: Parameterizing module clocks
Progress: Adding character_lcd_0 [altera_up_avalon_character_lcd 12.0]
Progress: Parameterizing module character_lcd_0
Progress: Adding keys [altera_avalon_pio 12.0]
Progress: Parameterizing module keys
Progress: Adding system_clock_timer [altera_avalon_timer 12.0]
Progress: Parameterizing module system_clock_timer
Progress: Adding timestamp_timer [altera_avalon_timer 12.0]
Progress: Parameterizing module timestamp_timer
Progress: Adding hardware_timer [altera_avalon_timer 12.0]
Progress: Parameterizing module hardware_timer
Progress: Building connections
Progress: Parameterizing connections
Progress: Validating
Progress: Done reading input file
Info: nios_system.onchip_memory2_0: Memory will be initialized from onchip_memory2_0.hex
Info: nios_system.switches: PIO inputs are not hardwired in test bench. Undefined values will be read from PIO inputs during simulation.
Info: nios_system.keys: PIO inputs are not hardwired in test bench. Undefined values will be read from PIO inputs during simulation.
Info: ip-generate succeeded.
Info: Finished: Create block symbol file (.bsf)
Info: 
Info: Starting: Create HDL design files for synthesis
Info: ip-generate --project-directory=C:/Users/Ali/Desktop/UBC/EECE_381/Exercises/Excercise_1/1.2/ --output-directory=C:/Users/Ali/Desktop/UBC/EECE_381/Exercises/Excercise_1/1.2/nios_system/synthesis/ --file-set=QUARTUS_SYNTH --report-file=sopcinfo:C:/Users/Ali/Desktop/UBC/EECE_381/Exercises/Excercise_1/1.2/nios_system.sopcinfo --report-file=html:C:/Users/Ali/Desktop/UBC/EECE_381/Exercises/Excercise_1/1.2/nios_system.html --report-file=qip:C:/Users/Ali/Desktop/UBC/EECE_381/Exercises/Excercise_1/1.2/nios_system/synthesis/nios_system.qip --system-info=DEVICE_FAMILY="Cyclone II" --system-info=DEVICE=EP2C35F672C6 --system-info=DEVICE_SPEEDGRADE=6 --component-file=C:/Users/Ali/Desktop/UBC/EECE_381/Exercises/Excercise_1/1.2/nios_system.qsys
Progress: Loading 1.2/nios_system.qsys
Progress: Reading input file
Progress: Adding clk_0 [clock_source 12.0]
Progress: Parameterizing module clk_0
Progress: Adding nios2_qsys_0 [altera_nios2_qsys 12.0]
Progress: Parameterizing module nios2_qsys_0
Progress: Adding onchip_memory2_0 [altera_avalon_onchip_memory2 12.0]
Progress: Parameterizing module onchip_memory2_0
Progress: Adding switches [altera_avalon_pio 12.0]
Progress: Parameterizing module switches
Progress: Adding leds [altera_avalon_pio 12.0]
Progress: Parameterizing module leds
Progress: Adding jtag_uart_0 [altera_avalon_jtag_uart 12.0]
Progress: Parameterizing module jtag_uart_0
Progress: Adding sdram [altera_avalon_new_sdram_controller 12.0]
Progress: Parameterizing module sdram
Progress: Adding clocks [altera_up_clocks 12.0]
Progress: Parameterizing module clocks
Progress: Adding character_lcd_0 [altera_up_avalon_character_lcd 12.0]
Progress: Parameterizing module character_lcd_0
Progress: Adding keys [altera_avalon_pio 12.0]
Progress: Parameterizing module keys
Progress: Adding system_clock_timer [altera_avalon_timer 12.0]
Progress: Parameterizing module system_clock_timer
Progress: Adding timestamp_timer [altera_avalon_timer 12.0]
Progress: Parameterizing module timestamp_timer
Progress: Adding hardware_timer [altera_avalon_timer 12.0]
Progress: Parameterizing module hardware_timer
Progress: Building connections
Progress: Parameterizing connections
Progress: Validating
Progress: Done reading input file
Info: nios_system.onchip_memory2_0: Memory will be initialized from onchip_memory2_0.hex
Info: nios_system.switches: PIO inputs are not hardwired in test bench. Undefined values will be read from PIO inputs during simulation.
Info: nios_system.keys: PIO inputs are not hardwired in test bench. Undefined values will be read from PIO inputs during simulation.
Info: nios_system: Generating nios_system "nios_system" for QUARTUS_SYNTH
Info: pipeline_bridge_swap_transform: After transform: 13 modules, 53 connections
Info: No custom instruction connections, skipping transform 
Info: merlin_translator_transform: After transform: 26 modules, 104 connections
Info: merlin_domain_transform: After transform: 51 modules, 270 connections
Info: merlin_router_transform: After transform: 64 modules, 321 connections
Info: merlin_burst_transform: After transform: 66 modules, 328 connections
Info: reset_adaptation_transform: After transform: 69 modules, 266 connections
Info: merlin_network_to_switch_transform: After transform: 94 modules, 320 connections
Info: merlin_width_transform: After transform: 98 modules, 332 connections
Info: merlin_interrupt_mapper_transform: After transform: 99 modules, 335 connections
Info: nios2_qsys_0: Starting RTL generation for module 'nios_system_nios2_qsys_0'
Info: nios2_qsys_0:   Generation command is [exec C:/altera/quartus/quartus/../ip/altera/nios2_ip/altera_nios2/eperl.exe -I C:/altera/quartus/quartus/common/ip/altera/common/perl/5.8.3 -I C:/altera/quartus/quartus/sopc_builder/bin/europa -I C:/altera/quartus/quartus/sopc_builder/bin/perl_lib -I C:/altera/quartus/quartus/sopc_builder/bin -I C:/altera/quartus/quartus/../ip/altera/nios2_ip/altera_nios2/cpu_lib -I C:/altera/quartus/quartus/../ip/altera/nios2_ip/altera_nios2/nios_lib -I C:/altera/quartus/quartus/../ip/altera/nios2_ip/altera_nios2 -I C:/altera/quartus/quartus/../ip/altera/nios2_ip/altera_nios2 -- C:/altera/quartus/quartus/../ip/altera/nios2_ip/altera_nios2/generate_rtl.epl --name=nios_system_nios2_qsys_0 --dir=C:/Users/Ali/AppData/Local/Temp/alt6094_6462067960118472353.dir/0025_nios2_qsys_0_gen/ --quartus_dir=C:/altera/quartus/quartus --verilog --config=C:/Users/Ali/AppData/Local/Temp/alt6094_6462067960118472353.dir/0025_nios2_qsys_0_gen//nios_system_nios2_qsys_0_processor_configuration.pl  --do_build_sim=0    --bogus  ]
Info: nios2_qsys_0: # 2014.01.23 17:16:08 (*) Starting Nios II generation
Info: nios2_qsys_0: # 2014.01.23 17:16:08 (*)   No license required to generate encrypted Nios II/e.
Info: nios2_qsys_0: # 2014.01.23 17:16:08 (*)   Elaborating CPU configuration settings
Info: nios2_qsys_0: # 2014.01.23 17:16:08 (*)   Creating all objects for CPU
Info: nios2_qsys_0: # 2014.01.23 17:16:10 (*)   Generating RTL from CPU objects
Info: nios2_qsys_0: # 2014.01.23 17:16:10 (*)   Creating plain-text RTL
Info: nios2_qsys_0: # 2014.01.23 17:16:11 (*) Done Nios II generation
Info: nios2_qsys_0: Done RTL generation for module 'nios_system_nios2_qsys_0'
Info: nios2_qsys_0: "nios_system" instantiated altera_nios2_qsys "nios2_qsys_0"
Info: Starting classic module elaboration.
Qt: Untested Windows version 6.2 detected!
"c:/altera/quartus/quartus/bin/jre/bin/java.exe" -Xmx512M -classpath "c:/altera/quartus/quartus/sopc_builder/bin/sopc_builder.jar;c:/altera/quartus/quartus/sopc_builder/bin/PinAssigner.jar;c:/altera/quartus/quartus/sopc_builder/bin/sopc_wizard.jar;c:/altera/quartus/quartus/sopc_builder/bin/jptf.jar" sopc_builder.sopc_builder  -d"c:/altera/quartus/quartus/sopc_builder" -notalkback=1 -projectnameyysystem.qpf -projectpathC:/Users/Ali/AppData/Local/Temp/alt6094_6462067960118472353.dir/0026_sopclgen  --no_splash --refresh C:/Users/Ali/AppData/Local/Temp/alt6094_6462067960118472353.dir/0026_sopclgen/yysystem.v --quartus_dir="c:/altera/quartus/quartus" --sopc_perl="c:/altera/quartus/quartus/bin/perl" --sopc_lib_path="++c:/altera/quartus/quartus/../ip/altera/sopc_builder_ip+c:/altera/quartus/quartus/../ip/altera/nios2_ip"
Info: Finished elaborating classic module.
Executing: C:/altera/quartus/quartus//sopc_builder/bin/sopc_builder --classic --generate C:/Users/Ali/AppData/Local/Temp/alt6094_6462067960118472353.dir/0026_sopclgen/yysystem.ptf
Info: Running sopc_builder...
Qt: Untested Windows version 6.2 detected!
"c:/altera/quartus/quartus/bin/jre/bin/java.exe" -Xmx512M -classpath "c:/altera/quartus/quartus/sopc_builder/bin/sopc_builder.jar;c:/altera/quartus/quartus/sopc_builder/bin/PinAssigner.jar;c:/altera/quartus/quartus/sopc_builder/bin/sopc_wizard.jar;c:/altera/quartus/quartus/sopc_builder/bin/jptf.jar" sopc_builder.sopc_builder  -d"c:/altera/quartus/quartus/sopc_builder" -notalkback=1 -projectnameyysystem.qpf -projectpathC:/Users/Ali/AppData/Local/Temp/alt6094_6462067960118472353.dir/0026_sopclgen  --generate C:/Users/Ali/AppData/Local/Temp/alt6094_6462067960118472353.dir/0026_sopclgen/yysystem.v --quartus_dir="c:/altera/quartus/quartus" --sopc_perl="c:/altera/quartus/quartus/bin/perl" --sopc_lib_path="++c:/altera/quartus/quartus/../ip/altera/sopc_builder_ip+c:/altera/quartus/quartus/../ip/altera/nios2_ip"
No .sopc_builder configuration file(!)
.
# 2014.01.23 17:16:20 (*) Success: sopc_builder finished.
Info: onchip_memory2_0: "nios_system" instantiated altera_avalon_onchip_memory2 "onchip_memory2_0"
Info: Starting classic module elaboration.
Qt: Untested Windows version 6.2 detected!
"c:/altera/quartus/quartus/bin/jre/bin/java.exe" -Xmx512M -classpath "c:/altera/quartus/quartus/sopc_builder/bin/sopc_builder.jar;c:/altera/quartus/quartus/sopc_builder/bin/PinAssigner.jar;c:/altera/quartus/quartus/sopc_builder/bin/sopc_wizard.jar;c:/altera/quartus/quartus/sopc_builder/bin/jptf.jar" sopc_builder.sopc_builder  -d"c:/altera/quartus/quartus/sopc_builder" -notalkback=1 -projectnameyysystem.qpf -projectpathC:/Users/Ali/AppData/Local/Temp/alt6094_6462067960118472353.dir/0027_sopclgen  --no_splash --refresh C:/Users/Ali/AppData/Local/Temp/alt6094_6462067960118472353.dir/0027_sopclgen/yysystem.v --quartus_dir="c:/altera/quartus/quartus" --sopc_perl="c:/altera/quartus/quartus/bin/perl" --sopc_lib_path="++c:/altera/quartus/quartus/../ip/altera/sopc_builder_ip+c:/altera/quartus/quartus/../ip/altera/nios2_ip"
Info: Finished elaborating classic module.
Executing: C:/altera/quartus/quartus//sopc_builder/bin/sopc_builder --classic --generate C:/Users/Ali/AppData/Local/Temp/alt6094_6462067960118472353.dir/0027_sopclgen/yysystem.ptf
Info: Running sopc_builder...
Qt: Untested Windows version 6.2 detected!
"c:/altera/quartus/quartus/bin/jre/bin/java.exe" -Xmx512M -classpath "c:/altera/quartus/quartus/sopc_builder/bin/sopc_builder.jar;c:/altera/quartus/quartus/sopc_builder/bin/PinAssigner.jar;c:/altera/quartus/quartus/sopc_builder/bin/sopc_wizard.jar;c:/altera/quartus/quartus/sopc_builder/bin/jptf.jar" sopc_builder.sopc_builder  -d"c:/altera/quartus/quartus/sopc_builder" -notalkback=1 -projectnameyysystem.qpf -projectpathC:/Users/Ali/AppData/Local/Temp/alt6094_6462067960118472353.dir/0027_sopclgen  --generate C:/Users/Ali/AppData/Local/Temp/alt6094_6462067960118472353.dir/0027_sopclgen/yysystem.v --quartus_dir="c:/altera/quartus/quartus" --sopc_perl="c:/altera/quartus/quartus/bin/perl" --sopc_lib_path="++c:/altera/quartus/quartus/../ip/altera/sopc_builder_ip+c:/altera/quartus/quartus/../ip/altera/nios2_ip"
No .sopc_builder configuration file(!)
.
# 2014.01.23 17:16:28 (*) Success: sopc_builder finished.
Info: switches: "nios_system" instantiated altera_avalon_pio "switches"
Info: Starting classic module elaboration.
Qt: Untested Windows version 6.2 detected!
"c:/altera/quartus/quartus/bin/jre/bin/java.exe" -Xmx512M -classpath "c:/altera/quartus/quartus/sopc_builder/bin/sopc_builder.jar;c:/altera/quartus/quartus/sopc_builder/bin/PinAssigner.jar;c:/altera/quartus/quartus/sopc_builder/bin/sopc_wizard.jar;c:/altera/quartus/quartus/sopc_builder/bin/jptf.jar" sopc_builder.sopc_builder  -d"c:/altera/quartus/quartus/sopc_builder" -notalkback=1 -projectnameyysystem.qpf -projectpathC:/Users/Ali/AppData/Local/Temp/alt6094_6462067960118472353.dir/0028_sopclgen  --no_splash --refresh C:/Users/Ali/AppData/Local/Temp/alt6094_6462067960118472353.dir/0028_sopclgen/yysystem.v --quartus_dir="c:/altera/quartus/quartus" --sopc_perl="c:/altera/quartus/quartus/bin/perl" --sopc_lib_path="++c:/altera/quartus/quartus/../ip/altera/sopc_builder_ip+c:/altera/quartus/quartus/../ip/altera/nios2_ip"
Info: Finished elaborating classic module.
Executing: C:/altera/quartus/quartus//sopc_builder/bin/sopc_builder --classic --generate C:/Users/Ali/AppData/Local/Temp/alt6094_6462067960118472353.dir/0028_sopclgen/yysystem.ptf
Info: Running sopc_builder...
Qt: Untested Windows version 6.2 detected!
"c:/altera/quartus/quartus/bin/jre/bin/java.exe" -Xmx512M -classpath "c:/altera/quartus/quartus/sopc_builder/bin/sopc_builder.jar;c:/altera/quartus/quartus/sopc_builder/bin/PinAssigner.jar;c:/altera/quartus/quartus/sopc_builder/bin/sopc_wizard.jar;c:/altera/quartus/quartus/sopc_builder/bin/jptf.jar" sopc_builder.sopc_builder  -d"c:/altera/quartus/quartus/sopc_builder" -notalkback=1 -projectnameyysystem.qpf -projectpathC:/Users/Ali/AppData/Local/Temp/alt6094_6462067960118472353.dir/0028_sopclgen  --generate C:/Users/Ali/AppData/Local/Temp/alt6094_6462067960118472353.dir/0028_sopclgen/yysystem.v --quartus_dir="c:/altera/quartus/quartus" --sopc_perl="c:/altera/quartus/quartus/bin/perl" --sopc_lib_path="++c:/altera/quartus/quartus/../ip/altera/sopc_builder_ip+c:/altera/quartus/quartus/../ip/altera/nios2_ip"
No .sopc_builder configuration file(!)
.
# 2014.01.23 17:16:37 (*) Success: sopc_builder finished.
Info: leds: "nios_system" instantiated altera_avalon_pio "leds"
Info: Starting classic module elaboration.
Qt: Untested Windows version 6.2 detected!
"c:/altera/quartus/quartus/bin/jre/bin/java.exe" -Xmx512M -classpath "c:/altera/quartus/quartus/sopc_builder/bin/sopc_builder.jar;c:/altera/quartus/quartus/sopc_builder/bin/PinAssigner.jar;c:/altera/quartus/quartus/sopc_builder/bin/sopc_wizard.jar;c:/altera/quartus/quartus/sopc_builder/bin/jptf.jar" sopc_builder.sopc_builder  -d"c:/altera/quartus/quartus/sopc_builder" -notalkback=1 -projectnameyysystem.qpf -projectpathC:/Users/Ali/AppData/Local/Temp/alt6094_6462067960118472353.dir/0029_sopclgen  --no_splash --refresh C:/Users/Ali/AppData/Local/Temp/alt6094_6462067960118472353.dir/0029_sopclgen/yysystem.v --quartus_dir="c:/altera/quartus/quartus" --sopc_perl="c:/altera/quartus/quartus/bin/perl" --sopc_lib_path="++c:/altera/quartus/quartus/../ip/altera/sopc_builder_ip+c:/altera/quartus/quartus/../ip/altera/nios2_ip"
Info: Finished elaborating classic module.
Executing: C:/altera/quartus/quartus//sopc_builder/bin/sopc_builder --classic --generate C:/Users/Ali/AppData/Local/Temp/alt6094_6462067960118472353.dir/0029_sopclgen/yysystem.ptf
Info: Running sopc_builder...
Qt: Untested Windows version 6.2 detected!
"c:/altera/quartus/quartus/bin/jre/bin/java.exe" -Xmx512M -classpath "c:/altera/quartus/quartus/sopc_builder/bin/sopc_builder.jar;c:/altera/quartus/quartus/sopc_builder/bin/PinAssigner.jar;c:/altera/quartus/quartus/sopc_builder/bin/sopc_wizard.jar;c:/altera/quartus/quartus/sopc_builder/bin/jptf.jar" sopc_builder.sopc_builder  -d"c:/altera/quartus/quartus/sopc_builder" -notalkback=1 -projectnameyysystem.qpf -projectpathC:/Users/Ali/AppData/Local/Temp/alt6094_6462067960118472353.dir/0029_sopclgen  --generate C:/Users/Ali/AppData/Local/Temp/alt6094_6462067960118472353.dir/0029_sopclgen/yysystem.v --quartus_dir="c:/altera/quartus/quartus" --sopc_perl="c:/altera/quartus/quartus/bin/perl" --sopc_lib_path="++c:/altera/quartus/quartus/../ip/altera/sopc_builder_ip+c:/altera/quartus/quartus/../ip/altera/nios2_ip"
No .sopc_builder configuration file(!)
.
# 2014.01.23 17:16:46 (*) Success: sopc_builder finished.
Info: jtag_uart_0: "nios_system" instantiated altera_avalon_jtag_uart "jtag_uart_0"
Info: Starting classic module elaboration.
Qt: Untested Windows version 6.2 detected!
"c:/altera/quartus/quartus/bin/jre/bin/java.exe" -Xmx512M -classpath "c:/altera/quartus/quartus/sopc_builder/bin/sopc_builder.jar;c:/altera/quartus/quartus/sopc_builder/bin/PinAssigner.jar;c:/altera/quartus/quartus/sopc_builder/bin/sopc_wizard.jar;c:/altera/quartus/quartus/sopc_builder/bin/jptf.jar" sopc_builder.sopc_builder  -d"c:/altera/quartus/quartus/sopc_builder" -notalkback=1 -projectnameyysystem.qpf -projectpathC:/Users/Ali/AppData/Local/Temp/alt6094_6462067960118472353.dir/0030_sopclgen  --no_splash --refresh C:/Users/Ali/AppData/Local/Temp/alt6094_6462067960118472353.dir/0030_sopclgen/yysystem.v --quartus_dir="c:/altera/quartus/quartus" --sopc_perl="c:/altera/quartus/quartus/bin/perl" --sopc_lib_path="++c:/altera/quartus/quartus/../ip/altera/sopc_builder_ip+c:/altera/quartus/quartus/../ip/altera/nios2_ip"
Info: Finished elaborating classic module.
Executing: C:/altera/quartus/quartus//sopc_builder/bin/sopc_builder --classic --generate C:/Users/Ali/AppData/Local/Temp/alt6094_6462067960118472353.dir/0030_sopclgen/yysystem.ptf
Info: Running sopc_builder...
Qt: Untested Windows version 6.2 detected!
"c:/altera/quartus/quartus/bin/jre/bin/java.exe" -Xmx512M -classpath "c:/altera/quartus/quartus/sopc_builder/bin/sopc_builder.jar;c:/altera/quartus/quartus/sopc_builder/bin/PinAssigner.jar;c:/altera/quartus/quartus/sopc_builder/bin/sopc_wizard.jar;c:/altera/quartus/quartus/sopc_builder/bin/jptf.jar" sopc_builder.sopc_builder  -d"c:/altera/quartus/quartus/sopc_builder" -notalkback=1 -projectnameyysystem.qpf -projectpathC:/Users/Ali/AppData/Local/Temp/alt6094_6462067960118472353.dir/0030_sopclgen  --generate C:/Users/Ali/AppData/Local/Temp/alt6094_6462067960118472353.dir/0030_sopclgen/yysystem.v --quartus_dir="c:/altera/quartus/quartus" --sopc_perl="c:/altera/quartus/quartus/bin/perl" --sopc_lib_path="++c:/altera/quartus/quartus/../ip/altera/sopc_builder_ip+c:/altera/quartus/quartus/../ip/altera/nios2_ip"
No .sopc_builder configuration file(!)
.
.
# 2014.01.23 17:16:54 (*) Running Test Generator Program for nios_system_sdram
# 2014.01.23 17:16:55 (*) Success: sopc_builder finished.
Info: sdram: "nios_system" instantiated altera_avalon_new_sdram_controller "sdram"
Info: clocks: Starting Generation of Required Clocks for DE-Series Boards
Info: clocks: "nios_system" instantiated altera_up_clocks "clocks"
Info: character_lcd_0: Starting Generation of Character LCD
Info: character_lcd_0: "nios_system" instantiated altera_up_avalon_character_lcd "character_lcd_0"
Info: Starting classic module elaboration.
Qt: Untested Windows version 6.2 detected!
"c:/altera/quartus/quartus/bin/jre/bin/java.exe" -Xmx512M -classpath "c:/altera/quartus/quartus/sopc_builder/bin/sopc_builder.jar;c:/altera/quartus/quartus/sopc_builder/bin/PinAssigner.jar;c:/altera/quartus/quartus/sopc_builder/bin/sopc_wizard.jar;c:/altera/quartus/quartus/sopc_builder/bin/jptf.jar" sopc_builder.sopc_builder  -d"c:/altera/quartus/quartus/sopc_builder" -notalkback=1 -projectnameyysystem.qpf -projectpathC:/Users/Ali/AppData/Local/Temp/alt6094_6462067960118472353.dir/0033_sopclgen  --no_splash --refresh C:/Users/Ali/AppData/Local/Temp/alt6094_6462067960118472353.dir/0033_sopclgen/yysystem.v --quartus_dir="c:/altera/quartus/quartus" --sopc_perl="c:/altera/quartus/quartus/bin/perl" --sopc_lib_path="++c:/altera/quartus/quartus/../ip/altera/sopc_builder_ip+c:/altera/quartus/quartus/../ip/altera/nios2_ip"
Info: Finished elaborating classic module.
Executing: C:/altera/quartus/quartus//sopc_builder/bin/sopc_builder --classic --generate C:/Users/Ali/AppData/Local/Temp/alt6094_6462067960118472353.dir/0033_sopclgen/yysystem.ptf
Info: Running sopc_builder...
Qt: Untested Windows version 6.2 detected!
"c:/altera/quartus/quartus/bin/jre/bin/java.exe" -Xmx512M -classpath "c:/altera/quartus/quartus/sopc_builder/bin/sopc_builder.jar;c:/altera/quartus/quartus/sopc_builder/bin/PinAssigner.jar;c:/altera/quartus/quartus/sopc_builder/bin/sopc_wizard.jar;c:/altera/quartus/quartus/sopc_builder/bin/jptf.jar" sopc_builder.sopc_builder  -d"c:/altera/quartus/quartus/sopc_builder" -notalkback=1 -projectnameyysystem.qpf -projectpathC:/Users/Ali/AppData/Local/Temp/alt6094_6462067960118472353.dir/0033_sopclgen  --generate C:/Users/Ali/AppData/Local/Temp/alt6094_6462067960118472353.dir/0033_sopclgen/yysystem.v --quartus_dir="c:/altera/quartus/quartus" --sopc_perl="c:/altera/quartus/quartus/bin/perl" --sopc_lib_path="++c:/altera/quartus/quartus/../ip/altera/sopc_builder_ip+c:/altera/quartus/quartus/../ip/altera/nios2_ip"
No .sopc_builder configuration file(!)
.
# 2014.01.23 17:17:04 (*) Success: sopc_builder finished.
Info: keys: "nios_system" instantiated altera_avalon_pio "keys"
Info: Starting classic module elaboration.
Qt: Untested Windows version 6.2 detected!
"c:/altera/quartus/quartus/bin/jre/bin/java.exe" -Xmx512M -classpath "c:/altera/quartus/quartus/sopc_builder/bin/sopc_builder.jar;c:/altera/quartus/quartus/sopc_builder/bin/PinAssigner.jar;c:/altera/quartus/quartus/sopc_builder/bin/sopc_wizard.jar;c:/altera/quartus/quartus/sopc_builder/bin/jptf.jar" sopc_builder.sopc_builder  -d"c:/altera/quartus/quartus/sopc_builder" -notalkback=1 -projectnameyysystem.qpf -projectpathC:/Users/Ali/AppData/Local/Temp/alt6094_6462067960118472353.dir/0034_sopclgen  --no_splash --refresh C:/Users/Ali/AppData/Local/Temp/alt6094_6462067960118472353.dir/0034_sopclgen/yysystem.v --quartus_dir="c:/altera/quartus/quartus" --sopc_perl="c:/altera/quartus/quartus/bin/perl" --sopc_lib_path="++c:/altera/quartus/quartus/../ip/altera/sopc_builder_ip+c:/altera/quartus/quartus/../ip/altera/nios2_ip"
Info: Finished elaborating classic module.
Executing: C:/altera/quartus/quartus//sopc_builder/bin/sopc_builder --classic --generate C:/Users/Ali/AppData/Local/Temp/alt6094_6462067960118472353.dir/0034_sopclgen/yysystem.ptf
Info: Running sopc_builder...
Qt: Untested Windows version 6.2 detected!
"c:/altera/quartus/quartus/bin/jre/bin/java.exe" -Xmx512M -classpath "c:/altera/quartus/quartus/sopc_builder/bin/sopc_builder.jar;c:/altera/quartus/quartus/sopc_builder/bin/PinAssigner.jar;c:/altera/quartus/quartus/sopc_builder/bin/sopc_wizard.jar;c:/altera/quartus/quartus/sopc_builder/bin/jptf.jar" sopc_builder.sopc_builder  -d"c:/altera/quartus/quartus/sopc_builder" -notalkback=1 -projectnameyysystem.qpf -projectpathC:/Users/Ali/AppData/Local/Temp/alt6094_6462067960118472353.dir/0034_sopclgen  --generate C:/Users/Ali/AppData/Local/Temp/alt6094_6462067960118472353.dir/0034_sopclgen/yysystem.v --quartus_dir="c:/altera/quartus/quartus" --sopc_perl="c:/altera/quartus/quartus/bin/perl" --sopc_lib_path="++c:/altera/quartus/quartus/../ip/altera/sopc_builder_ip+c:/altera/quartus/quartus/../ip/altera/nios2_ip"
No .sopc_builder configuration file(!)
.
# 2014.01.23 17:17:13 (*) Success: sopc_builder finished.
Info: system_clock_timer: "nios_system" instantiated altera_avalon_timer "system_clock_timer"
Info: nios2_qsys_0_instruction_master_translator: "nios_system" instantiated altera_merlin_master_translator "nios2_qsys_0_instruction_master_translator"
Info: nios2_qsys_0_jtag_debug_module_translator: "nios_system" instantiated altera_merlin_slave_translator "nios2_qsys_0_jtag_debug_module_translator"
Info: nios2_qsys_0_instruction_master_translator_avalon_universal_master_0_agent: "nios_system" instantiated altera_merlin_master_agent "nios2_qsys_0_instruction_master_translator_avalon_universal_master_0_agent"
Info: nios2_qsys_0_jtag_debug_module_translator_avalon_universal_slave_0_agent: "nios_system" instantiated altera_merlin_slave_agent "nios2_qsys_0_jtag_debug_module_translator_avalon_universal_slave_0_agent"
Info: nios2_qsys_0_jtag_debug_module_translator_avalon_universal_slave_0_agent_rsp_fifo: "nios_system" instantiated altera_avalon_sc_fifo "nios2_qsys_0_jtag_debug_module_translator_avalon_universal_slave_0_agent_rsp_fifo"
Info: addr_router: "nios_system" instantiated altera_merlin_router "addr_router"
Info: addr_router_001: "nios_system" instantiated altera_merlin_router "addr_router_001"
Info: id_router: "nios_system" instantiated altera_merlin_router "id_router"
Info: id_router_002: "nios_system" instantiated altera_merlin_router "id_router_002"
Info: id_router_003: "nios_system" instantiated altera_merlin_router "id_router_003"
Info: id_router_006: "nios_system" instantiated altera_merlin_router "id_router_006"
Info: burst_adapter: "nios_system" instantiated altera_merlin_burst_adapter "burst_adapter"
Info: rst_controller: "nios_system" instantiated altera_reset_controller "rst_controller"
Info: cmd_xbar_demux: "nios_system" instantiated altera_merlin_demultiplexer "cmd_xbar_demux"
Info: cmd_xbar_demux_001: "nios_system" instantiated altera_merlin_demultiplexer "cmd_xbar_demux_001"
Info: cmd_xbar_mux: "nios_system" instantiated altera_merlin_multiplexer "cmd_xbar_mux"
Info: rsp_xbar_demux: "nios_system" instantiated altera_merlin_demultiplexer "rsp_xbar_demux"
Info: rsp_xbar_demux_003: "nios_system" instantiated altera_merlin_demultiplexer "rsp_xbar_demux_003"
Info: rsp_xbar_mux: "nios_system" instantiated altera_merlin_multiplexer "rsp_xbar_mux"
Info: Reusing file C:/Users/Ali/Desktop/UBC/EECE_381/Exercises/Excercise_1/1.2/nios_system/synthesis/submodules/altera_merlin_arbitrator.sv
Info: rsp_xbar_mux_001: "nios_system" instantiated altera_merlin_multiplexer "rsp_xbar_mux_001"
Info: Reusing file C:/Users/Ali/Desktop/UBC/EECE_381/Exercises/Excercise_1/1.2/nios_system/synthesis/submodules/altera_merlin_arbitrator.sv
Info: width_adapter: "nios_system" instantiated altera_merlin_width_adapter "width_adapter"
Info: Reusing file C:/Users/Ali/Desktop/UBC/EECE_381/Exercises/Excercise_1/1.2/nios_system/synthesis/submodules/altera_merlin_burst_uncompressor.sv
Info: irq_mapper: "nios_system" instantiated altera_irq_mapper "irq_mapper"
Info: nios_system: Done nios_system" with 33 modules, 129 files, 2436933 bytes
Info: ip-generate succeeded.
Info: Finished: Create HDL design files for synthesis
