Info: Starting: Create block symbol file (.bsf)
Info: ip-generate --project-directory=C:/Users/Ali/Desktop/UBC/EECE_381/Exercises/Project_1/ --output-directory=C:/Users/Ali/Desktop/UBC/EECE_381/Exercises/Project_1/nios_system/ --report-file=bsf:C:/Users/Ali/Desktop/UBC/EECE_381/Exercises/Project_1/nios_system.bsf --system-info=DEVICE_FAMILY="Cyclone II" --system-info=DEVICE=EP2C35F672C6 --system-info=DEVICE_SPEEDGRADE=6 --component-file=C:/Users/Ali/Desktop/UBC/EECE_381/Exercises/Project_1/nios_system.qsys
Progress: Loading Project_1/nios_system.qsys
Progress: Reading input file
Progress: Adding clk_0 [clock_source 12.0]
Progress: Parameterizing module clk_0
Progress: Adding nios2_qsys_0 [altera_nios2_qsys 12.0]
Progress: Parameterizing module nios2_qsys_0
Progress: Adding onchip_memory2_0 [altera_avalon_onchip_memory2 12.0]
Progress: Parameterizing module onchip_memory2_0
Progress: Adding switches [altera_avalon_pio 12.0]
Progress: Parameterizing module switches
Progress: Adding leds [altera_avalon_pio 12.0]
Progress: Parameterizing module leds
Progress: Adding jtag_uart_0 [altera_avalon_jtag_uart 12.0]
Progress: Parameterizing module jtag_uart_0
Progress: Adding sdram [altera_avalon_new_sdram_controller 12.0]
Progress: Parameterizing module sdram
Progress: Adding clocks [altera_up_clocks 12.0]
Progress: Parameterizing module clocks
Progress: Adding character_lcd_0 [altera_up_avalon_character_lcd 12.0]
Progress: Parameterizing module character_lcd_0
Progress: Adding keys [altera_avalon_pio 12.0]
Progress: Parameterizing module keys
Progress: Adding system_clock_timer [altera_avalon_timer 12.0]
Progress: Parameterizing module system_clock_timer
Progress: Adding timestamp_timer [altera_avalon_timer 12.0]
Progress: Parameterizing module timestamp_timer
Progress: Adding hardware_timer [altera_avalon_timer 12.0]
Progress: Parameterizing module hardware_timer
Progress: Adding sdcard_interface [Altera_UP_SD_Card_Avalon_Interface 1.0]
Progress: Parameterizing module sdcard_interface
Progress: Adding pixel_buffer [altera_up_avalon_sram 12.0]
Progress: Parameterizing module pixel_buffer
Progress: Adding buffer_dma [altera_up_avalon_video_pixel_buffer_dma 12.0]
Progress: Parameterizing module buffer_dma
Progress: Adding rgb_resampler [altera_up_avalon_video_rgb_resampler 12.0]
Progress: Parameterizing module rgb_resampler
Progress: Adding scaler [altera_up_avalon_video_scaler 12.0]
Progress: Parameterizing module scaler
Progress: Adding dual_clock_fifo [altera_up_avalon_video_dual_clock_buffer 12.0]
Progress: Parameterizing module dual_clock_fifo
Progress: Adding vga_controller [altera_up_avalon_video_vga_controller 12.0]
Progress: Parameterizing module vga_controller
Progress: Adding character_buffer [altera_up_avalon_video_character_buffer_with_dma 12.0]
Progress: Parameterizing module character_buffer
Progress: Adding video_alpha_blender [altera_up_avalon_video_alpha_blender 12.0]
Progress: Parameterizing module video_alpha_blender
Progress: Building connections
Progress: Parameterizing connections
Progress: Validating
Progress: Done reading input file
Info: nios_system.onchip_memory2_0: Memory will be initialized from onchip_memory2_0.hex
Info: nios_system.switches: PIO inputs are not hardwired in test bench. Undefined values will be read from PIO inputs during simulation.
Info: nios_system.keys: PIO inputs are not hardwired in test bench. Undefined values will be read from PIO inputs during simulation.
Info: nios_system.rgb_resampler: RGB Resampling: 16 (bits) x 1 (planes) -> 10 (bits) x 3 (planes)
Info: nios_system.scaler: Change in Resolution: 320 x 240 -> 640 x 480
Info: nios_system.vga_controller: Video Output Stream: Format: 640 x 480 with Color: 10 (bits) x 3 (planes)
Info: nios_system.character_buffer: Character Resolution: 80 x 60
Info: ip-generate succeeded.
Info: Finished: Create block symbol file (.bsf)
Info: 
Info: Starting: Create HDL design files for synthesis
Info: ip-generate --project-directory=C:/Users/Ali/Desktop/UBC/EECE_381/Exercises/Project_1/ --output-directory=C:/Users/Ali/Desktop/UBC/EECE_381/Exercises/Project_1/nios_system/synthesis/ --file-set=QUARTUS_SYNTH --report-file=sopcinfo:C:/Users/Ali/Desktop/UBC/EECE_381/Exercises/Project_1/nios_system.sopcinfo --report-file=html:C:/Users/Ali/Desktop/UBC/EECE_381/Exercises/Project_1/nios_system.html --report-file=qip:C:/Users/Ali/Desktop/UBC/EECE_381/Exercises/Project_1/nios_system/synthesis/nios_system.qip --system-info=DEVICE_FAMILY="Cyclone II" --system-info=DEVICE=EP2C35F672C6 --system-info=DEVICE_SPEEDGRADE=6 --component-file=C:/Users/Ali/Desktop/UBC/EECE_381/Exercises/Project_1/nios_system.qsys
Progress: Loading Project_1/nios_system.qsys
Progress: Reading input file
Progress: Adding clk_0 [clock_source 12.0]
Progress: Parameterizing module clk_0
Progress: Adding nios2_qsys_0 [altera_nios2_qsys 12.0]
Progress: Parameterizing module nios2_qsys_0
Progress: Adding onchip_memory2_0 [altera_avalon_onchip_memory2 12.0]
Progress: Parameterizing module onchip_memory2_0
Progress: Adding switches [altera_avalon_pio 12.0]
Progress: Parameterizing module switches
Progress: Adding leds [altera_avalon_pio 12.0]
Progress: Parameterizing module leds
Progress: Adding jtag_uart_0 [altera_avalon_jtag_uart 12.0]
Progress: Parameterizing module jtag_uart_0
Progress: Adding sdram [altera_avalon_new_sdram_controller 12.0]
Progress: Parameterizing module sdram
Progress: Adding clocks [altera_up_clocks 12.0]
Progress: Parameterizing module clocks
Progress: Adding character_lcd_0 [altera_up_avalon_character_lcd 12.0]
Progress: Parameterizing module character_lcd_0
Progress: Adding keys [altera_avalon_pio 12.0]
Progress: Parameterizing module keys
Progress: Adding system_clock_timer [altera_avalon_timer 12.0]
Progress: Parameterizing module system_clock_timer
Progress: Adding timestamp_timer [altera_avalon_timer 12.0]
Progress: Parameterizing module timestamp_timer
Progress: Adding hardware_timer [altera_avalon_timer 12.0]
Progress: Parameterizing module hardware_timer
Progress: Adding sdcard_interface [Altera_UP_SD_Card_Avalon_Interface 1.0]
Progress: Parameterizing module sdcard_interface
Progress: Adding pixel_buffer [altera_up_avalon_sram 12.0]
Progress: Parameterizing module pixel_buffer
Progress: Adding buffer_dma [altera_up_avalon_video_pixel_buffer_dma 12.0]
Progress: Parameterizing module buffer_dma
Progress: Adding rgb_resampler [altera_up_avalon_video_rgb_resampler 12.0]
Progress: Parameterizing module rgb_resampler
Progress: Adding scaler [altera_up_avalon_video_scaler 12.0]
Progress: Parameterizing module scaler
Progress: Adding dual_clock_fifo [altera_up_avalon_video_dual_clock_buffer 12.0]
Progress: Parameterizing module dual_clock_fifo
Progress: Adding vga_controller [altera_up_avalon_video_vga_controller 12.0]
Progress: Parameterizing module vga_controller
Progress: Adding character_buffer [altera_up_avalon_video_character_buffer_with_dma 12.0]
Progress: Parameterizing module character_buffer
Progress: Adding video_alpha_blender [altera_up_avalon_video_alpha_blender 12.0]
Progress: Parameterizing module video_alpha_blender
Progress: Building connections
Progress: Parameterizing connections
Progress: Validating
Progress: Done reading input file
Info: nios_system.onchip_memory2_0: Memory will be initialized from onchip_memory2_0.hex
Info: nios_system.switches: PIO inputs are not hardwired in test bench. Undefined values will be read from PIO inputs during simulation.
Info: nios_system.keys: PIO inputs are not hardwired in test bench. Undefined values will be read from PIO inputs during simulation.
Info: nios_system.rgb_resampler: RGB Resampling: 16 (bits) x 1 (planes) -> 10 (bits) x 3 (planes)
Info: nios_system.scaler: Change in Resolution: 320 x 240 -> 640 x 480
Info: nios_system.vga_controller: Video Output Stream: Format: 640 x 480 with Color: 10 (bits) x 3 (planes)
Info: nios_system.character_buffer: Character Resolution: 80 x 60
Info: nios_system: Generating nios_system "nios_system" for QUARTUS_SYNTH
Info: pipeline_bridge_swap_transform: After transform: 22 modules, 95 connections
Info: No custom instruction connections, skipping transform 
Info: merlin_translator_transform: After transform: 41 modules, 170 connections
Info: merlin_domain_transform: After transform: 77 modules, 414 connections
Info: merlin_router_transform: After transform: 96 modules, 489 connections
Info: merlin_traffic_limiter_transform: After transform: 98 modules, 499 connections
Info: merlin_burst_transform: After transform: 102 modules, 514 connections
Info: reset_adaptation_transform: After transform: 106 modules, 412 connections
Info: merlin_network_to_switch_transform: After transform: 143 modules, 490 connections
Info: merlin_width_transform: After transform: 153 modules, 520 connections
Info: limiter_update_transform: After transform: 153 modules, 522 connections
Info: merlin_interrupt_mapper_transform: After transform: 154 modules, 525 connections
Info: nios2_qsys_0: Starting RTL generation for module 'nios_system_nios2_qsys_0'
Info: nios2_qsys_0:   Generation command is [exec C:/altera/quartus/quartus/../ip/altera/nios2_ip/altera_nios2/eperl.exe -I C:/altera/quartus/quartus/common/ip/altera/common/perl/5.8.3 -I C:/altera/quartus/quartus/sopc_builder/bin/europa -I C:/altera/quartus/quartus/sopc_builder/bin/perl_lib -I C:/altera/quartus/quartus/sopc_builder/bin -I C:/altera/quartus/quartus/../ip/altera/nios2_ip/altera_nios2/cpu_lib -I C:/altera/quartus/quartus/../ip/altera/nios2_ip/altera_nios2/nios_lib -I C:/altera/quartus/quartus/../ip/altera/nios2_ip/altera_nios2 -I C:/altera/quartus/quartus/../ip/altera/nios2_ip/altera_nios2 -- C:/altera/quartus/quartus/../ip/altera/nios2_ip/altera_nios2/generate_rtl.epl --name=nios_system_nios2_qsys_0 --dir=C:/Users/Ali/AppData/Local/Temp/alt6099_5882473676517200377.dir/0005_nios2_qsys_0_gen/ --quartus_dir=C:/altera/quartus/quartus --verilog --config=C:/Users/Ali/AppData/Local/Temp/alt6099_5882473676517200377.dir/0005_nios2_qsys_0_gen//nios_system_nios2_qsys_0_processor_configuration.pl  --do_build_sim=0    --bogus  ]
Info: nios2_qsys_0: # 2014.01.28 17:01:50 (*) Starting Nios II generation
Info: nios2_qsys_0: # 2014.01.28 17:01:50 (*)   Checking for encrypted license (non-evaluation).
Info: nios2_qsys_0: # 2014.01.28 17:01:50 (*)   Couldn't query license setup in Quartus directory C:/altera/quartus/quartus
Info: nios2_qsys_0: # 2014.01.28 17:01:50 (*)   Defaulting to contents of LM_LICENSE_FILE environment variable
Info: nios2_qsys_0: # 2014.01.28 17:01:50 (*)   LM_LICENSE_FILE environment variable is empty
Info: nios2_qsys_0: # 2014.01.28 17:01:50 (*)   Encrypted license not found.  Defaulting to OCP evaluation license (produces a time-limited SOF)
Info: nios2_qsys_0: # 2014.01.28 17:01:50 (*)   Elaborating CPU configuration settings
Info: nios2_qsys_0: # 2014.01.28 17:01:50 (*)   Creating all objects for CPU
Info: nios2_qsys_0: # 2014.01.28 17:01:50 (*)     Testbench
Info: nios2_qsys_0: # 2014.01.28 17:01:50 (*)     Instruction decoding
Info: nios2_qsys_0: # 2014.01.28 17:01:50 (*)       Instruction fields
Info: nios2_qsys_0: # 2014.01.28 17:01:50 (*)       Instruction decodes
Info: nios2_qsys_0: # 2014.01.28 17:01:51 (*)       Signals for RTL simulation waveforms
Info: nios2_qsys_0: # 2014.01.28 17:01:51 (*)       Instruction controls
Info: nios2_qsys_0: # 2014.01.28 17:01:51 (*)     Pipeline frontend
Info: nios2_qsys_0: # 2014.01.28 17:01:51 (*)     Pipeline backend
Info: nios2_qsys_0: # 2014.01.28 17:01:54 (*)   Generating RTL from CPU objects
Info: nios2_qsys_0: # 2014.01.28 17:01:57 (*)   Creating encrypted RTL
Info: nios2_qsys_0: # 2014.01.28 17:01:58 (*) Done Nios II generation
Info: nios2_qsys_0: Done RTL generation for module 'nios_system_nios2_qsys_0'
Info: nios2_qsys_0: "nios_system" instantiated altera_nios2_qsys "nios2_qsys_0"
Info: Starting classic module elaboration.
Qt: Untested Windows version 6.2 detected!
"c:/altera/quartus/quartus/bin/jre/bin/java.exe" -Xmx512M -classpath "c:/altera/quartus/quartus/sopc_builder/bin/sopc_builder.jar;c:/altera/quartus/quartus/sopc_builder/bin/PinAssigner.jar;c:/altera/quartus/quartus/sopc_builder/bin/sopc_wizard.jar;c:/altera/quartus/quartus/sopc_builder/bin/jptf.jar" sopc_builder.sopc_builder  -d"c:/altera/quartus/quartus/sopc_builder" -notalkback=1 -projectnameyysystem.qpf -projectpathC:/Users/Ali/AppData/Local/Temp/alt6099_5882473676517200377.dir/0006_sopclgen  --no_splash --refresh C:/Users/Ali/AppData/Local/Temp/alt6099_5882473676517200377.dir/0006_sopclgen/yysystem.v --quartus_dir="c:/altera/quartus/quartus" --sopc_perl="c:/altera/quartus/quartus/bin/perl" --sopc_lib_path="++c:/altera/quartus/quartus/../ip/altera/sopc_builder_ip+c:/altera/quartus/quartus/../ip/altera/nios2_ip"
Info: Finished elaborating classic module.
Executing: C:/altera/quartus/quartus//sopc_builder/bin/sopc_builder --classic --generate C:/Users/Ali/AppData/Local/Temp/alt6099_5882473676517200377.dir/0006_sopclgen/yysystem.ptf
Info: Running sopc_builder...
Qt: Untested Windows version 6.2 detected!
"c:/altera/quartus/quartus/bin/jre/bin/java.exe" -Xmx512M -classpath "c:/altera/quartus/quartus/sopc_builder/bin/sopc_builder.jar;c:/altera/quartus/quartus/sopc_builder/bin/PinAssigner.jar;c:/altera/quartus/quartus/sopc_builder/bin/sopc_wizard.jar;c:/altera/quartus/quartus/sopc_builder/bin/jptf.jar" sopc_builder.sopc_builder  -d"c:/altera/quartus/quartus/sopc_builder" -notalkback=1 -projectnameyysystem.qpf -projectpathC:/Users/Ali/AppData/Local/Temp/alt6099_5882473676517200377.dir/0006_sopclgen  --generate C:/Users/Ali/AppData/Local/Temp/alt6099_5882473676517200377.dir/0006_sopclgen/yysystem.v --quartus_dir="c:/altera/quartus/quartus" --sopc_perl="c:/altera/quartus/quartus/bin/perl" --sopc_lib_path="++c:/altera/quartus/quartus/../ip/altera/sopc_builder_ip+c:/altera/quartus/quartus/../ip/altera/nios2_ip"
No .sopc_builder configuration file(!)
.
# 2014.01.28 17:02:07 (*) Success: sopc_builder finished.
Info: onchip_memory2_0: "nios_system" instantiated altera_avalon_onchip_memory2 "onchip_memory2_0"
Info: Starting classic module elaboration.
Qt: Untested Windows version 6.2 detected!
"c:/altera/quartus/quartus/bin/jre/bin/java.exe" -Xmx512M -classpath "c:/altera/quartus/quartus/sopc_builder/bin/sopc_builder.jar;c:/altera/quartus/quartus/sopc_builder/bin/PinAssigner.jar;c:/altera/quartus/quartus/sopc_builder/bin/sopc_wizard.jar;c:/altera/quartus/quartus/sopc_builder/bin/jptf.jar" sopc_builder.sopc_builder  -d"c:/altera/quartus/quartus/sopc_builder" -notalkback=1 -projectnameyysystem.qpf -projectpathC:/Users/Ali/AppData/Local/Temp/alt6099_5882473676517200377.dir/0007_sopclgen  --no_splash --refresh C:/Users/Ali/AppData/Local/Temp/alt6099_5882473676517200377.dir/0007_sopclgen/yysystem.v --quartus_dir="c:/altera/quartus/quartus" --sopc_perl="c:/altera/quartus/quartus/bin/perl" --sopc_lib_path="++c:/altera/quartus/quartus/../ip/altera/sopc_builder_ip+c:/altera/quartus/quartus/../ip/altera/nios2_ip"
Info: Finished elaborating classic module.
Executing: C:/altera/quartus/quartus//sopc_builder/bin/sopc_builder --classic --generate C:/Users/Ali/AppData/Local/Temp/alt6099_5882473676517200377.dir/0007_sopclgen/yysystem.ptf
Info: Running sopc_builder...
Qt: Untested Windows version 6.2 detected!
"c:/altera/quartus/quartus/bin/jre/bin/java.exe" -Xmx512M -classpath "c:/altera/quartus/quartus/sopc_builder/bin/sopc_builder.jar;c:/altera/quartus/quartus/sopc_builder/bin/PinAssigner.jar;c:/altera/quartus/quartus/sopc_builder/bin/sopc_wizard.jar;c:/altera/quartus/quartus/sopc_builder/bin/jptf.jar" sopc_builder.sopc_builder  -d"c:/altera/quartus/quartus/sopc_builder" -notalkback=1 -projectnameyysystem.qpf -projectpathC:/Users/Ali/AppData/Local/Temp/alt6099_5882473676517200377.dir/0007_sopclgen  --generate C:/Users/Ali/AppData/Local/Temp/alt6099_5882473676517200377.dir/0007_sopclgen/yysystem.v --quartus_dir="c:/altera/quartus/quartus" --sopc_perl="c:/altera/quartus/quartus/bin/perl" --sopc_lib_path="++c:/altera/quartus/quartus/../ip/altera/sopc_builder_ip+c:/altera/quartus/quartus/../ip/altera/nios2_ip"
No .sopc_builder configuration file(!)
.
# 2014.01.28 17:02:16 (*) Success: sopc_builder finished.
Info: switches: "nios_system" instantiated altera_avalon_pio "switches"
Info: Starting classic module elaboration.
Qt: Untested Windows version 6.2 detected!
"c:/altera/quartus/quartus/bin/jre/bin/java.exe" -Xmx512M -classpath "c:/altera/quartus/quartus/sopc_builder/bin/sopc_builder.jar;c:/altera/quartus/quartus/sopc_builder/bin/PinAssigner.jar;c:/altera/quartus/quartus/sopc_builder/bin/sopc_wizard.jar;c:/altera/quartus/quartus/sopc_builder/bin/jptf.jar" sopc_builder.sopc_builder  -d"c:/altera/quartus/quartus/sopc_builder" -notalkback=1 -projectnameyysystem.qpf -projectpathC:/Users/Ali/AppData/Local/Temp/alt6099_5882473676517200377.dir/0008_sopclgen  --no_splash --refresh C:/Users/Ali/AppData/Local/Temp/alt6099_5882473676517200377.dir/0008_sopclgen/yysystem.v --quartus_dir="c:/altera/quartus/quartus" --sopc_perl="c:/altera/quartus/quartus/bin/perl" --sopc_lib_path="++c:/altera/quartus/quartus/../ip/altera/sopc_builder_ip+c:/altera/quartus/quartus/../ip/altera/nios2_ip"
Info: Finished elaborating classic module.
Executing: C:/altera/quartus/quartus//sopc_builder/bin/sopc_builder --classic --generate C:/Users/Ali/AppData/Local/Temp/alt6099_5882473676517200377.dir/0008_sopclgen/yysystem.ptf
Info: Running sopc_builder...
Qt: Untested Windows version 6.2 detected!
"c:/altera/quartus/quartus/bin/jre/bin/java.exe" -Xmx512M -classpath "c:/altera/quartus/quartus/sopc_builder/bin/sopc_builder.jar;c:/altera/quartus/quartus/sopc_builder/bin/PinAssigner.jar;c:/altera/quartus/quartus/sopc_builder/bin/sopc_wizard.jar;c:/altera/quartus/quartus/sopc_builder/bin/jptf.jar" sopc_builder.sopc_builder  -d"c:/altera/quartus/quartus/sopc_builder" -notalkback=1 -projectnameyysystem.qpf -projectpathC:/Users/Ali/AppData/Local/Temp/alt6099_5882473676517200377.dir/0008_sopclgen  --generate C:/Users/Ali/AppData/Local/Temp/alt6099_5882473676517200377.dir/0008_sopclgen/yysystem.v --quartus_dir="c:/altera/quartus/quartus" --sopc_perl="c:/altera/quartus/quartus/bin/perl" --sopc_lib_path="++c:/altera/quartus/quartus/../ip/altera/sopc_builder_ip+c:/altera/quartus/quartus/../ip/altera/nios2_ip"
No .sopc_builder configuration file(!)
.
# 2014.01.28 17:02:24 (*) Success: sopc_builder finished.
Info: leds: "nios_system" instantiated altera_avalon_pio "leds"
Info: Starting classic module elaboration.
Qt: Untested Windows version 6.2 detected!
"c:/altera/quartus/quartus/bin/jre/bin/java.exe" -Xmx512M -classpath "c:/altera/quartus/quartus/sopc_builder/bin/sopc_builder.jar;c:/altera/quartus/quartus/sopc_builder/bin/PinAssigner.jar;c:/altera/quartus/quartus/sopc_builder/bin/sopc_wizard.jar;c:/altera/quartus/quartus/sopc_builder/bin/jptf.jar" sopc_builder.sopc_builder  -d"c:/altera/quartus/quartus/sopc_builder" -notalkback=1 -projectnameyysystem.qpf -projectpathC:/Users/Ali/AppData/Local/Temp/alt6099_5882473676517200377.dir/0009_sopclgen  --no_splash --refresh C:/Users/Ali/AppData/Local/Temp/alt6099_5882473676517200377.dir/0009_sopclgen/yysystem.v --quartus_dir="c:/altera/quartus/quartus" --sopc_perl="c:/altera/quartus/quartus/bin/perl" --sopc_lib_path="++c:/altera/quartus/quartus/../ip/altera/sopc_builder_ip+c:/altera/quartus/quartus/../ip/altera/nios2_ip"
Info: Finished elaborating classic module.
Executing: C:/altera/quartus/quartus//sopc_builder/bin/sopc_builder --classic --generate C:/Users/Ali/AppData/Local/Temp/alt6099_5882473676517200377.dir/0009_sopclgen/yysystem.ptf
Info: Running sopc_builder...
Qt: Untested Windows version 6.2 detected!
"c:/altera/quartus/quartus/bin/jre/bin/java.exe" -Xmx512M -classpath "c:/altera/quartus/quartus/sopc_builder/bin/sopc_builder.jar;c:/altera/quartus/quartus/sopc_builder/bin/PinAssigner.jar;c:/altera/quartus/quartus/sopc_builder/bin/sopc_wizard.jar;c:/altera/quartus/quartus/sopc_builder/bin/jptf.jar" sopc_builder.sopc_builder  -d"c:/altera/quartus/quartus/sopc_builder" -notalkback=1 -projectnameyysystem.qpf -projectpathC:/Users/Ali/AppData/Local/Temp/alt6099_5882473676517200377.dir/0009_sopclgen  --generate C:/Users/Ali/AppData/Local/Temp/alt6099_5882473676517200377.dir/0009_sopclgen/yysystem.v --quartus_dir="c:/altera/quartus/quartus" --sopc_perl="c:/altera/quartus/quartus/bin/perl" --sopc_lib_path="++c:/altera/quartus/quartus/../ip/altera/sopc_builder_ip+c:/altera/quartus/quartus/../ip/altera/nios2_ip"
No .sopc_builder configuration file(!)
.
# 2014.01.28 17:02:32 (*) Success: sopc_builder finished.
Info: jtag_uart_0: "nios_system" instantiated altera_avalon_jtag_uart "jtag_uart_0"
Info: Starting classic module elaboration.
Qt: Untested Windows version 6.2 detected!
"c:/altera/quartus/quartus/bin/jre/bin/java.exe" -Xmx512M -classpath "c:/altera/quartus/quartus/sopc_builder/bin/sopc_builder.jar;c:/altera/quartus/quartus/sopc_builder/bin/PinAssigner.jar;c:/altera/quartus/quartus/sopc_builder/bin/sopc_wizard.jar;c:/altera/quartus/quartus/sopc_builder/bin/jptf.jar" sopc_builder.sopc_builder  -d"c:/altera/quartus/quartus/sopc_builder" -notalkback=1 -projectnameyysystem.qpf -projectpathC:/Users/Ali/AppData/Local/Temp/alt6099_5882473676517200377.dir/0010_sopclgen  --no_splash --refresh C:/Users/Ali/AppData/Local/Temp/alt6099_5882473676517200377.dir/0010_sopclgen/yysystem.v --quartus_dir="c:/altera/quartus/quartus" --sopc_perl="c:/altera/quartus/quartus/bin/perl" --sopc_lib_path="++c:/altera/quartus/quartus/../ip/altera/sopc_builder_ip+c:/altera/quartus/quartus/../ip/altera/nios2_ip"
Info: Finished elaborating classic module.
Executing: C:/altera/quartus/quartus//sopc_builder/bin/sopc_builder --classic --generate C:/Users/Ali/AppData/Local/Temp/alt6099_5882473676517200377.dir/0010_sopclgen/yysystem.ptf
Info: Running sopc_builder...
Qt: Untested Windows version 6.2 detected!
"c:/altera/quartus/quartus/bin/jre/bin/java.exe" -Xmx512M -classpath "c:/altera/quartus/quartus/sopc_builder/bin/sopc_builder.jar;c:/altera/quartus/quartus/sopc_builder/bin/PinAssigner.jar;c:/altera/quartus/quartus/sopc_builder/bin/sopc_wizard.jar;c:/altera/quartus/quartus/sopc_builder/bin/jptf.jar" sopc_builder.sopc_builder  -d"c:/altera/quartus/quartus/sopc_builder" -notalkback=1 -projectnameyysystem.qpf -projectpathC:/Users/Ali/AppData/Local/Temp/alt6099_5882473676517200377.dir/0010_sopclgen  --generate C:/Users/Ali/AppData/Local/Temp/alt6099_5882473676517200377.dir/0010_sopclgen/yysystem.v --quartus_dir="c:/altera/quartus/quartus" --sopc_perl="c:/altera/quartus/quartus/bin/perl" --sopc_lib_path="++c:/altera/quartus/quartus/../ip/altera/sopc_builder_ip+c:/altera/quartus/quartus/../ip/altera/nios2_ip"
No .sopc_builder configuration file(!)
.
.
# 2014.01.28 17:02:41 (*) Running Test Generator Program for nios_system_sdram
# 2014.01.28 17:02:42 (*) Success: sopc_builder finished.
Info: sdram: "nios_system" instantiated altera_avalon_new_sdram_controller "sdram"
Info: clocks: Starting Generation of Required Clocks for DE-Series Boards
Info: clocks: "nios_system" instantiated altera_up_clocks "clocks"
Info: character_lcd_0: Starting Generation of Character LCD
Info: character_lcd_0: "nios_system" instantiated altera_up_avalon_character_lcd "character_lcd_0"
Info: Starting classic module elaboration.
Qt: Untested Windows version 6.2 detected!
"c:/altera/quartus/quartus/bin/jre/bin/java.exe" -Xmx512M -classpath "c:/altera/quartus/quartus/sopc_builder/bin/sopc_builder.jar;c:/altera/quartus/quartus/sopc_builder/bin/PinAssigner.jar;c:/altera/quartus/quartus/sopc_builder/bin/sopc_wizard.jar;c:/altera/quartus/quartus/sopc_builder/bin/jptf.jar" sopc_builder.sopc_builder  -d"c:/altera/quartus/quartus/sopc_builder" -notalkback=1 -projectnameyysystem.qpf -projectpathC:/Users/Ali/AppData/Local/Temp/alt6099_5882473676517200377.dir/0013_sopclgen  --no_splash --refresh C:/Users/Ali/AppData/Local/Temp/alt6099_5882473676517200377.dir/0013_sopclgen/yysystem.v --quartus_dir="c:/altera/quartus/quartus" --sopc_perl="c:/altera/quartus/quartus/bin/perl" --sopc_lib_path="++c:/altera/quartus/quartus/../ip/altera/sopc_builder_ip+c:/altera/quartus/quartus/../ip/altera/nios2_ip"
Info: Finished elaborating classic module.
Executing: C:/altera/quartus/quartus//sopc_builder/bin/sopc_builder --classic --generate C:/Users/Ali/AppData/Local/Temp/alt6099_5882473676517200377.dir/0013_sopclgen/yysystem.ptf
Info: Running sopc_builder...
Qt: Untested Windows version 6.2 detected!
"c:/altera/quartus/quartus/bin/jre/bin/java.exe" -Xmx512M -classpath "c:/altera/quartus/quartus/sopc_builder/bin/sopc_builder.jar;c:/altera/quartus/quartus/sopc_builder/bin/PinAssigner.jar;c:/altera/quartus/quartus/sopc_builder/bin/sopc_wizard.jar;c:/altera/quartus/quartus/sopc_builder/bin/jptf.jar" sopc_builder.sopc_builder  -d"c:/altera/quartus/quartus/sopc_builder" -notalkback=1 -projectnameyysystem.qpf -projectpathC:/Users/Ali/AppData/Local/Temp/alt6099_5882473676517200377.dir/0013_sopclgen  --generate C:/Users/Ali/AppData/Local/Temp/alt6099_5882473676517200377.dir/0013_sopclgen/yysystem.v --quartus_dir="c:/altera/quartus/quartus" --sopc_perl="c:/altera/quartus/quartus/bin/perl" --sopc_lib_path="++c:/altera/quartus/quartus/../ip/altera/sopc_builder_ip+c:/altera/quartus/quartus/../ip/altera/nios2_ip"
No .sopc_builder configuration file(!)
.
# 2014.01.28 17:02:51 (*) Success: sopc_builder finished.
Info: keys: "nios_system" instantiated altera_avalon_pio "keys"
Info: Starting classic module elaboration.
Qt: Untested Windows version 6.2 detected!
"c:/altera/quartus/quartus/bin/jre/bin/java.exe" -Xmx512M -classpath "c:/altera/quartus/quartus/sopc_builder/bin/sopc_builder.jar;c:/altera/quartus/quartus/sopc_builder/bin/PinAssigner.jar;c:/altera/quartus/quartus/sopc_builder/bin/sopc_wizard.jar;c:/altera/quartus/quartus/sopc_builder/bin/jptf.jar" sopc_builder.sopc_builder  -d"c:/altera/quartus/quartus/sopc_builder" -notalkback=1 -projectnameyysystem.qpf -projectpathC:/Users/Ali/AppData/Local/Temp/alt6099_5882473676517200377.dir/0014_sopclgen  --no_splash --refresh C:/Users/Ali/AppData/Local/Temp/alt6099_5882473676517200377.dir/0014_sopclgen/yysystem.v --quartus_dir="c:/altera/quartus/quartus" --sopc_perl="c:/altera/quartus/quartus/bin/perl" --sopc_lib_path="++c:/altera/quartus/quartus/../ip/altera/sopc_builder_ip+c:/altera/quartus/quartus/../ip/altera/nios2_ip"
Info: Finished elaborating classic module.
Executing: C:/altera/quartus/quartus//sopc_builder/bin/sopc_builder --classic --generate C:/Users/Ali/AppData/Local/Temp/alt6099_5882473676517200377.dir/0014_sopclgen/yysystem.ptf
Info: Running sopc_builder...
Qt: Untested Windows version 6.2 detected!
"c:/altera/quartus/quartus/bin/jre/bin/java.exe" -Xmx512M -classpath "c:/altera/quartus/quartus/sopc_builder/bin/sopc_builder.jar;c:/altera/quartus/quartus/sopc_builder/bin/PinAssigner.jar;c:/altera/quartus/quartus/sopc_builder/bin/sopc_wizard.jar;c:/altera/quartus/quartus/sopc_builder/bin/jptf.jar" sopc_builder.sopc_builder  -d"c:/altera/quartus/quartus/sopc_builder" -notalkback=1 -projectnameyysystem.qpf -projectpathC:/Users/Ali/AppData/Local/Temp/alt6099_5882473676517200377.dir/0014_sopclgen  --generate C:/Users/Ali/AppData/Local/Temp/alt6099_5882473676517200377.dir/0014_sopclgen/yysystem.v --quartus_dir="c:/altera/quartus/quartus" --sopc_perl="c:/altera/quartus/quartus/bin/perl" --sopc_lib_path="++c:/altera/quartus/quartus/../ip/altera/sopc_builder_ip+c:/altera/quartus/quartus/../ip/altera/nios2_ip"
No .sopc_builder configuration file(!)
.
# 2014.01.28 17:02:59 (*) Success: sopc_builder finished.
Info: system_clock_timer: "nios_system" instantiated altera_avalon_timer "system_clock_timer"
Info: sdcard_interface: "nios_system" instantiated Altera_UP_SD_Card_Avalon_Interface "sdcard_interface"
Info: pixel_buffer: Starting Generation of SRAM or SSRAM Controller
Info: pixel_buffer: "nios_system" instantiated altera_up_avalon_sram "pixel_buffer"
Info: buffer_dma: Starting Generation of VGA Pixel Buffer
Info: buffer_dma: "nios_system" instantiated altera_up_avalon_video_pixel_buffer_dma "buffer_dma"
Info: rgb_resampler: Starting Generation of Video RGB Resampler
Info: rgb_resampler: "nios_system" instantiated altera_up_avalon_video_rgb_resampler "rgb_resampler"
Info: scaler: Starting Generation of Video Scaler
Info: scaler: "nios_system" instantiated altera_up_avalon_video_scaler "scaler"
Info: dual_clock_fifo: Starting Generation of the Dual Clock Buffer
Info: dual_clock_fifo: "nios_system" instantiated altera_up_avalon_video_dual_clock_buffer "dual_clock_fifo"
Info: vga_controller: Starting Generation of VGA Controller
Info: vga_controller: "nios_system" instantiated altera_up_avalon_video_vga_controller "vga_controller"
Info: character_buffer: Starting Generation of Character Buffer
Info: character_buffer: "nios_system" instantiated altera_up_avalon_video_character_buffer_with_dma "character_buffer"
Info: video_alpha_blender: Starting Generation of the Alpha Blender
Info: video_alpha_blender: "nios_system" instantiated altera_up_avalon_video_alpha_blender "video_alpha_blender"
Info: nios2_qsys_0_instruction_master_translator: "nios_system" instantiated altera_merlin_master_translator "nios2_qsys_0_instruction_master_translator"
Info: nios2_qsys_0_jtag_debug_module_translator: "nios_system" instantiated altera_merlin_slave_translator "nios2_qsys_0_jtag_debug_module_translator"
Info: nios2_qsys_0_instruction_master_translator_avalon_universal_master_0_agent: "nios_system" instantiated altera_merlin_master_agent "nios2_qsys_0_instruction_master_translator_avalon_universal_master_0_agent"
Info: nios2_qsys_0_jtag_debug_module_translator_avalon_universal_slave_0_agent: "nios_system" instantiated altera_merlin_slave_agent "nios2_qsys_0_jtag_debug_module_translator_avalon_universal_slave_0_agent"
Info: nios2_qsys_0_jtag_debug_module_translator_avalon_universal_slave_0_agent_rsp_fifo: "nios_system" instantiated altera_avalon_sc_fifo "nios2_qsys_0_jtag_debug_module_translator_avalon_universal_slave_0_agent_rsp_fifo"
Info: addr_router: "nios_system" instantiated altera_merlin_router "addr_router"
Info: addr_router_001: "nios_system" instantiated altera_merlin_router "addr_router_001"
Info: addr_router_002: "nios_system" instantiated altera_merlin_router "addr_router_002"
Info: id_router: "nios_system" instantiated altera_merlin_router "id_router"
Info: id_router_002: "nios_system" instantiated altera_merlin_router "id_router_002"
Info: id_router_003: "nios_system" instantiated altera_merlin_router "id_router_003"
Info: id_router_006: "nios_system" instantiated altera_merlin_router "id_router_006"
Info: id_router_012: "nios_system" instantiated altera_merlin_router "id_router_012"
Info: limiter: "nios_system" instantiated altera_merlin_traffic_limiter "limiter"
Info: burst_adapter: "nios_system" instantiated altera_merlin_burst_adapter "burst_adapter"
Info: rst_controller: "nios_system" instantiated altera_reset_controller "rst_controller"
Info: cmd_xbar_demux: "nios_system" instantiated altera_merlin_demultiplexer "cmd_xbar_demux"
Info: cmd_xbar_demux_001: "nios_system" instantiated altera_merlin_demultiplexer "cmd_xbar_demux_001"
Info: cmd_xbar_demux_002: "nios_system" instantiated altera_merlin_demultiplexer "cmd_xbar_demux_002"
Info: cmd_xbar_mux: "nios_system" instantiated altera_merlin_multiplexer "cmd_xbar_mux"
Info: cmd_xbar_mux_002: "nios_system" instantiated altera_merlin_multiplexer "cmd_xbar_mux_002"
Info: Reusing file C:/Users/Ali/Desktop/UBC/EECE_381/Exercises/Project_1/nios_system/synthesis/submodules/altera_merlin_arbitrator.sv
Info: rsp_xbar_demux: "nios_system" instantiated altera_merlin_demultiplexer "rsp_xbar_demux"
Info: rsp_xbar_demux_002: "nios_system" instantiated altera_merlin_demultiplexer "rsp_xbar_demux_002"
Info: rsp_xbar_demux_003: "nios_system" instantiated altera_merlin_demultiplexer "rsp_xbar_demux_003"
Info: rsp_xbar_demux_006: "nios_system" instantiated altera_merlin_demultiplexer "rsp_xbar_demux_006"
Info: rsp_xbar_mux: "nios_system" instantiated altera_merlin_multiplexer "rsp_xbar_mux"
Info: Reusing file C:/Users/Ali/Desktop/UBC/EECE_381/Exercises/Project_1/nios_system/synthesis/submodules/altera_merlin_arbitrator.sv
Info: rsp_xbar_mux_001: "nios_system" instantiated altera_merlin_multiplexer "rsp_xbar_mux_001"
Info: Reusing file C:/Users/Ali/Desktop/UBC/EECE_381/Exercises/Project_1/nios_system/synthesis/submodules/altera_merlin_arbitrator.sv
Info: width_adapter: "nios_system" instantiated altera_merlin_width_adapter "width_adapter"
Info: Reusing file C:/Users/Ali/Desktop/UBC/EECE_381/Exercises/Project_1/nios_system/synthesis/submodules/altera_merlin_burst_uncompressor.sv
Info: irq_mapper: "nios_system" instantiated altera_irq_mapper "irq_mapper"
Info: nios_system: Done nios_system" with 49 modules, 219 files, 4351269 bytes
Info: ip-generate succeeded.
Info: Finished: Create HDL design files for synthesis
